<?xml version="1.0" encoding="utf-8"?><testsuites name="pytest tests"><testsuite name="pytest" errors="0" failures="0" skipped="0" tests="5" time="1.367" timestamp="2026-03-04T11:15:58.854218+00:00" hostname="agent-env-c998b956-8aa6-4e92-9db7-afeba9ba2911"><testcase classname="backend.tests.test_admission_contact_api" name="test_post_contact_message_accepts_extended_admission_fields" time="0.372" /><testcase classname="backend.tests.test_admission_contact_api" name="test_get_contact_messages_returns_new_extended_submission" time="0.247" /><testcase classname="backend.tests.test_admission_contact_api" name="test_post_contact_message_rejects_invalid_email" time="0.186" /><testcase classname="backend.tests.test_contact_messages_api" name="test_post_contact_message_saves_and_returns_payload" time="0.134" /><testcase classname="backend.tests.test_contact_messages_api" name="test_get_contact_messages_returns_saved_submission" time="0.189" /></testsuite></testsuites>