<?xml version="1.0" encoding="utf-8"?><testsuites name="pytest tests"><testsuite name="pytest" errors="0" failures="0" skipped="0" tests="7" time="1.616" timestamp="2026-03-13T05:50:24.163160+00:00" hostname="agent-env-5fdde555-395f-4532-8352-a85b32cf4902"><testcase classname="backend.tests.test_admission_enquiries_api.TestHealthEndpoint" name="test_health_endpoint_returns_status_ok" time="0.258" /><testcase classname="backend.tests.test_admission_enquiries_api.TestAdmissionEnquiriesEndpoint" name="test_post_admission_enquiry_creates_and_returns_data" time="0.173" /><testcase classname="backend.tests.test_admission_enquiries_api.TestAdmissionEnquiriesEndpoint" name="test_post_admission_enquiry_with_optional_fields_null" time="0.145" /><testcase classname="backend.tests.test_admission_enquiries_api.TestAdmissionEnquiriesEndpoint" name="test_get_admission_enquiries_returns_list" time="0.234" /><testcase classname="backend.tests.test_admission_enquiries_api.TestAdmissionEnquiriesEndpoint" name="test_post_admission_enquiry_rejects_invalid_email" time="0.147" /><testcase classname="backend.tests.test_admission_enquiries_api.TestAdmissionEnquiriesEndpoint" name="test_post_admission_enquiry_rejects_missing_required_fields" time="0.152" /><testcase classname="backend.tests.test_admission_enquiries_api.TestContactMessagesEndpoint" name="test_post_contact_message_still_works" time="0.141" /></testsuite></testsuites>