<?xml version="1.0" encoding="utf-8"?><testsuites name="pytest tests"><testsuite name="pytest" errors="0" failures="0" skipped="0" tests="2" time="0.769" timestamp="2026-03-04T10:58:48.069853+00:00" hostname="agent-env-c998b956-8aa6-4e92-9db7-afeba9ba2911"><testcase classname="backend.tests.test_contact_messages_api" name="test_post_contact_message_saves_and_returns_payload" time="0.335" /><testcase classname="backend.tests.test_contact_messages_api" name="test_get_contact_messages_returns_saved_submission" time="0.198" /></testsuite></testsuites>